[LOGIN ERROR] 2026-03-20T18:47:10.425Z: 
Invalid `prisma.user.findUnique()` invocation in
C:\Users\asare\Desktop\MindBridge-Mental-Health-Navigator-Project\server\src\controllers\authController.ts:67:38

  64 const { email, password } = req.body;
  65 
  66 try {
→ 67     let user = await prisma.user.findUnique(
Can't reach database server at `ep-cold-art-al16we8v.c-3.eu-central-1.aws.neon.tech:5432`

Please make sure your database server is running at `ep-cold-art-al16we8v.c-3.eu-central-1.aws.neon.tech:5432`.
PrismaClientInitializationError: 
Invalid `prisma.user.findUnique()` invocation in
C:\Users\asare\Desktop\MindBridge-Mental-Health-Navigator-Project\server\src\controllers\authController.ts:67:38

  64 const { email, password } = req.body;
  65 
  66 try {
→ 67     let user = await prisma.user.findUnique(
Can't reach database server at `ep-cold-art-al16we8v.c-3.eu-central-1.aws.neon.tech:5432`

Please make sure your database server is running at `ep-cold-art-al16we8v.c-3.eu-central-1.aws.neon.tech:5432`.
    at Vn.handleRequestError (C:\Users\asare\Desktop\MindBridge-Mental-Health-Navigator-Project\server\node_modules\@prisma\client\runtime\library.js:121:7640)
    at Vn.handleAndLogRequestError (C:\Users\asare\Desktop\MindBridge-Mental-Health-Navigator-Project\server\node_modules\@prisma\client\runtime\library.js:121:6663)
    at Vn.request (C:\Users\asare\Desktop\MindBridge-Mental-Health-Navigator-Project\server\node_modules\@prisma\client\runtime\library.js:121:6370)
    at async l (C:\Users\asare\Desktop\MindBridge-Mental-Health-Navigator-Project\server\node_modules\@prisma\client\runtime\library.js:130:9617)
    at async login (C:\Users\asare\Desktop\MindBridge-Mental-Health-Navigator-Project\server\src\controllers\authController.ts:67:20)

[LOGIN ERROR] 2026-03-20T18:59:15.693Z: 
Invalid `prisma.user.findUnique()` invocation in
C:\Users\asare\Desktop\MindBridge-Mental-Health-Navigator-Project\server\src\controllers\authController.ts:67:38

  64 const { email, password } = req.body;
  65 
  66 try {
→ 67     let user = await prisma.user.findUnique(
Can't reach database server at `ep-cold-art-al16we8v.c-3.eu-central-1.aws.neon.tech:5432`

Please make sure your database server is running at `ep-cold-art-al16we8v.c-3.eu-central-1.aws.neon.tech:5432`.
PrismaClientInitializationError: 
Invalid `prisma.user.findUnique()` invocation in
C:\Users\asare\Desktop\MindBridge-Mental-Health-Navigator-Project\server\src\controllers\authController.ts:67:38

  64 const { email, password } = req.body;
  65 
  66 try {
→ 67     let user = await prisma.user.findUnique(
Can't reach database server at `ep-cold-art-al16we8v.c-3.eu-central-1.aws.neon.tech:5432`

Please make sure your database server is running at `ep-cold-art-al16we8v.c-3.eu-central-1.aws.neon.tech:5432`.
    at Vn.handleRequestError (C:\Users\asare\Desktop\MindBridge-Mental-Health-Navigator-Project\server\node_modules\@prisma\client\runtime\library.js:121:7640)
    at Vn.handleAndLogRequestError (C:\Users\asare\Desktop\MindBridge-Mental-Health-Navigator-Project\server\node_modules\@prisma\client\runtime\library.js:121:6663)
    at Vn.request (C:\Users\asare\Desktop\MindBridge-Mental-Health-Navigator-Project\server\node_modules\@prisma\client\runtime\library.js:121:6370)
    at async l (C:\Users\asare\Desktop\MindBridge-Mental-Health-Navigator-Project\server\node_modules\@prisma\client\runtime\library.js:130:9617)
    at async login (C:\Users\asare\Desktop\MindBridge-Mental-Health-Navigator-Project\server\src\controllers\authController.ts:67:20)

